<?xml version="1.0" encoding="utf-8"?><testsuites name="pytest tests"><testsuite name="pytest" errors="1" failures="0" skipped="0" tests="1" time="0.119" timestamp="2026-09-04T11:47:05.796957+01:00" hostname="jenkins-rmoreira-workstation"><testcase classname="" name="tests.test_nif_validator (1)" time="0.000"><error message="collection failure">ImportError while importing test module '/home/redhat/nif-validator/tests/test_nif_validator (1).py'.
Hint: make sure your test modules/packages have valid Python names.
Traceback:
/usr/lib64/python3.9/importlib/__init__.py:127: in import_module
    return _bootstrap._gcd_import(name[level:], package, level)
tests/test_nif_validator (1).py:1: in &lt;module&gt;
    import nif_validator as validator
E   ModuleNotFoundError: No module named 'nif_validator'</error></testcase></testsuite></testsuites>